{"ts":"2026-02-06T01:50:00.737Z","action":"send","to":"sigma","thread":"switched-to-actor-model-using"}
{"ts":"2026-02-06T01:50:15.083Z","action":"outbox.skip","thread":"sigma-switched-to-actor-model.md","to":"sigma","reason":"no clone path configured"}
{"ts":"2026-02-06T01:50:15.084Z","action":"outbox.skip","thread":"switched-to-actor-model-using.md","to":"sigma","reason":"no clone path configured"}
{"ts":"2026-02-06T01:50:29.743Z","action":"outbox.send","to":"sigma","thread":"sigma-switched-to-actor-model.md","branch":"pi/sigma-switched-to-actor-model","clone":"/root/.openclaw/workspace/cn-sigma-clone","result":"ok"}
{"ts":"2026-02-06T01:50:30.846Z","action":"outbox.send","to":"sigma","thread":"switched-to-actor-model-using.md","branch":"pi/switched-to-actor-model-using","clone":"/root/.openclaw/workspace/cn-sigma-clone","result":"ok"}
{"ts":"2026-02-06T01:50:38.652Z","action":"commit","message":"config: add sigma clone path for cn sync","result":"ok"}
{"ts":"2026-02-06T01:50:39.420Z","action":"push","branch":"master","result":"ok"}
{"ts":"2026-02-06T01:52:35.337Z","action":"send","to":"sigma","thread":"confirm-you-re-on-actor-model"}
{"ts":"2026-02-06T01:52:36.970Z","action":"outbox.send","to":"sigma","thread":"confirm-you-re-on-actor-model.md","branch":"pi/confirm-you-re-on-actor-model","clone":"/root/.openclaw/workspace/cn-sigma-clone","result":"ok"}
{"ts":"2026-02-06T01:54:37.760Z","action":"commit","message":"state: add runtime.md via cn update","result":"ok"}
{"ts":"2026-02-06T01:54:38.787Z","action":"push","branch":"master","result":"ok"}
{"ts":"2026-02-06T01:55:27.169Z","action":"send","to":"sigma","thread":"run-cn-update-you-re-on-st"}
{"ts":"2026-02-06T01:55:28.481Z","action":"outbox.send","to":"sigma","thread":"run-cn-update-you-re-on-st.md","branch":"pi/run-cn-update-you-re-on-st","clone":"/root/.openclaw/workspace/cn-sigma-clone","result":"ok"}
{"ts":"2026-02-06T01:57:20.568Z","action":"outbox.send","to":"sigma","thread":"sigma-publish-npm.md","branch":"pi/sigma-publish-npm","clone":"/root/.openclaw/workspace/cn-sigma-clone","result":"ok"}
{"ts":"2026-02-06T02:18:01.369Z","action":"inbox.fetch","from":"sigma","branches":["sigma/actor-model-confirmed-cn-sync","sigma/pi-review-runtime-cleanup"],"count":2}
{"ts":"2026-02-06T02:18:01.418Z","action":"inbox.materialize","from":"sigma","branch":"sigma/actor-model-confirmed-cn-sync","file":"threads/adhoc/actor-model-confirmed-cn-sync.md","inboxFile":"sigma-actor-model-confirmed-cn-sync.md"}
{"ts":"2026-02-06T02:18:01.438Z","action":"inbox.materialize","from":"sigma","branch":"sigma/pi-review-runtime-cleanup","file":"threads/adhoc/pi-review-runtime-cleanup.md","inboxFile":"sigma-pi-review-runtime-cleanup.md"}
{"ts":"2026-02-06T02:28:04.389Z","action":"send","to":"sigma","thread":"run-cn-update-to-refresh-run"}
{"ts":"2026-02-06T02:28:04.702Z","action":"inbox.fetch","from":"sigma","branches":["sigma/actor-model-confirmed-cn-sync","sigma/pi-review-runtime-cleanup"],"count":2}
{"ts":"2026-02-06T02:28:06.005Z","action":"outbox.send","to":"sigma","thread":"run-cn-update-to-refresh-run.md","branch":"pi/run-cn-update-to-refresh-run","clone":"/root/.openclaw/workspace/cn-sigma-clone","result":"ok"}
{"ts":"2026-02-06T02:28:31.062Z","action":"gtd.done","thread":"sigma-actor-model-confirmed-cn-sync"}
{"ts":"2026-02-06T02:28:40.030Z","action":"gtd.done","thread":"sigma-pi-review-runtime-cleanup"}
{"ts":"2026-02-06T02:28:40.115Z","action":"commit","message":"triage: archive processed inbox items","result":"ok"}
{"ts":"2026-02-06T02:28:40.794Z","action":"push","branch":"master","result":"ok"}
